<?xml version="1.0" encoding="utf-8"?><testsuites name="pytest tests"><testsuite name="pytest" errors="0" failures="0" skipped="0" tests="9" time="0.283" timestamp="2026-04-09T15:12:35.107914+08:00" hostname="娟娟老师"><testcase classname="test_user_api" name="test_api_test" time="0.010" /><testcase classname="test_user_api" name="test_random_user" time="0.004" /><testcase classname="test_user_api" name="test_user_1" time="0.004" /><testcase classname="test_user_api" name="test_user_1_profile" time="0.004" /><testcase classname="test_user_api" name="test_login_cases[admin-123456-200]" time="0.004" /><testcase classname="test_user_api" name="test_login_cases[admin-wrong-401]" time="0.004" /><testcase classname="test_user_api" name="test_login_cases[wrong-123456-401]" time="0.004" /><testcase classname="test_user_api" name="test_login_cases[-123456-401]" time="0.004" /><testcase classname="test_user_api" name="test_login_cases[admin--401]" time="0.004" /></testsuite></testsuites>